<?xml version="1.0" encoding="UTF-8"?>
<testng-results ignored="0" total="1" passed="1" failed="0" skipped="0">
  <reporter-output>
  </reporter-output>
  <suite started-at="2023-11-01T20:51:42 CDT" name="Default suite" finished-at="2023-11-01T20:51:51 CDT" duration-ms="8375">
    <groups>
    </groups>
    <test started-at="2023-11-01T20:51:42 CDT" name="Default test" finished-at="2023-11-01T20:51:51 CDT" duration-ms="8375">
      <class name="com.side.project.dryrunTest">
        <test-method signature="OpenSite()[pri:0, instance:com.side.project.dryrunTest@5acf93bb]" started-at="2023-11-01T20:51:42 CDT" name="OpenSite" finished-at="2023-11-01T20:51:51 CDT" duration-ms="8356" status="PASS">
          <reporter-output>
          </reporter-output>
        </test-method> <!-- OpenSite -->
      </class> <!-- com.side.project.dryrunTest -->
    </test> <!-- Default test -->
  </suite> <!-- Default suite -->
</testng-results>
